Base path: '/Volumes/GX-9900 Gundam X/2019.3.4f1/Unity.app/Contents', plugins path '/Volumes/GX-9900 Gundam X/2019.3.4f1/Unity.app/Contents/PlaybackEngines'
Cmd: initializeCompiler
Cmd: compileComputeKernel
  api=14 insize=18731 outsize=9678 ok=1
Cmd: compileComputeKernel
  api=14 insize=18731 outsize=11282 ok=1
Cmd: translateComputeKernel
  api=14 insize=9370 outsize=16164 ok=1
Cmd: translateComputeKernel
  api=14 insize=9901 outsize=16818 ok=1
Cmd: translateComputeKernel
  api=14 insize=11447 outsize=25062 ok=1
Cmd: translateComputeKernel
  api=14 insize=1348 outsize=1429 ok=1
Cmd: compileComputeKernel
  api=14 insize=5032 outsize=10966 ok=1
Cmd: translateComputeKernel
  api=14 insize=5372 outsize=7534 ok=1
Cmd: compileComputeKernel
  api=14 insize=7960 outsize=2569 ok=1
Cmd: compileComputeKernel
  api=14 insize=7960 outsize=3055 ok=1
Cmd: translateComputeKernel
  api=14 insize=2761 outsize=2729 ok=1
Cmd: translateComputeKernel
  api=14 insize=4178 outsize=5830 ok=1
Cmd: compileComputeKernel
  api=14 insize=9919 outsize=2923 ok=1
Cmd: compileComputeKernel
  api=14 insize=9919 outsize=2923 ok=1
Cmd: compileComputeKernel
  api=14 insize=9919 outsize=2952 ok=1
Cmd: compileComputeKernel
  api=14 insize=9919 outsize=3102 ok=1
Cmd: translateComputeKernel
  api=14 insize=2923 outsize=4236 ok=1
Cmd: translateComputeKernel
  api=14 insize=2923 outsize=4240 ok=1
Cmd: translateComputeKernel
  api=14 insize=2957 outsize=4285 ok=1
Cmd: translateComputeKernel
  api=14 insize=3102 outsize=4531 ok=1
Cmd: translateComputeKernel
  api=14 insize=1153 outsize=1425 ok=1
Cmd: compileComputeKernel
  api=14 insize=6546 outsize=2991 ok=1
Cmd: compileComputeKernel
  api=14 insize=6546 outsize=3842 ok=1
Cmd: translateComputeKernel
  api=14 insize=3019 outsize=3665 ok=1
Cmd: translateComputeKernel
  api=14 insize=3930 outsize=6263 ok=1
Cmd: compileComputeKernel
  api=14 insize=11176 outsize=11289 ok=1
Cmd: translateComputeKernel
  api=14 insize=10544 outsize=18402 ok=1
Cmd: compileComputeKernel
  api=14 insize=47665 outsize=3498 ok=1
Cmd: compileComputeKernel
  api=14 insize=47665 outsize=4891 ok=1
Cmd: compileComputeKernel
  api=14 insize=47665 outsize=3078 ok=1
Cmd: compileComputeKernel
  api=14 insize=47665 outsize=3410 ok=1
Cmd: compileComputeKernel
  api=14 insize=47665 outsize=3067 ok=1
Cmd: compileComputeKernel
  api=14 insize=47665 outsize=3030 ok=1
Cmd: compileComputeKernel
  api=14 insize=47665 outsize=3374 ok=1
Cmd: compileComputeKernel
  api=14 insize=47665 outsize=3126 ok=1
Cmd: compileComputeKernel
  api=14 insize=47665 outsize=3704 ok=1
Cmd: compileComputeKernel
  api=14 insize=47665 outsize=3520 ok=1
Cmd: compileComputeKernel
  api=14 insize=47665 outsize=3727 ok=1
Cmd: compileComputeKernel
  api=14 insize=47665 outsize=3727 ok=1
Cmd: compileComputeKernel
  api=14 insize=47665 outsize=3761 ok=1
Cmd: compileComputeKernel
  api=14 insize=47665 outsize=3905 ok=1
Cmd: compileComputeKernel
  api=14 insize=47665 outsize=3084 ok=1
Cmd: compileComputeKernel
  api=14 insize=47665 outsize=3753 ok=1
Cmd: compileComputeKernel
  api=14 insize=47665 outsize=3523 ok=1
Cmd: translateComputeKernel
  api=14 insize=5001 outsize=6967 ok=1
Cmd: translateComputeKernel
  api=14 insize=3802 outsize=4129 ok=1
Cmd: translateComputeKernel
  api=14 insize=3882 outsize=4149 ok=1
Cmd: translateComputeKernel
  api=14 insize=3587 outsize=3760 ok=1
Cmd: translateComputeKernel
  api=14 insize=3683 outsize=3940 ok=1
Cmd: translateComputeKernel
  api=14 insize=3919 outsize=4431 ok=1
Cmd: translateComputeKernel
  api=14 insize=3576 outsize=3567 ok=1
Cmd: translateComputeKernel
  api=14 insize=3539 outsize=3521 ok=1
Cmd: translateComputeKernel
  api=14 insize=3621 outsize=3656 ok=1
Cmd: translateComputeKernel
  api=14 insize=3772 outsize=3870 ok=1
Cmd: translateComputeKernel
  api=14 insize=3581 outsize=3601 ok=1
Cmd: translateComputeKernel
  api=14 insize=3563 outsize=3565 ok=1
Cmd: translateComputeKernel
  api=14 insize=3588 outsize=3556 ok=1
Cmd: translateComputeKernel
  api=14 insize=4169 outsize=4949 ok=1
Cmd: translateComputeKernel
  api=14 insize=4169 outsize=4953 ok=1
Cmd: translateComputeKernel
  api=14 insize=4206 outsize=5001 ok=1
Cmd: translateComputeKernel
  api=14 insize=4348 outsize=5243 ok=1
Cmd: translateComputeKernel
  api=14 insize=3593 outsize=3689 ok=1
Cmd: translateComputeKernel
  api=14 insize=4168 outsize=4753 ok=1
Cmd: translateComputeKernel
  api=14 insize=4807 outsize=6205 ok=1
Cmd: translateComputeKernel
  api=14 insize=1477 outsize=2325 ok=1
Cmd: translateComputeKernel
  api=14 insize=865 outsize=805 ok=1
Cmd: compileComputeKernel
  api=14 insize=68835 outsize=8877 ok=1
Cmd: compileComputeKernel
  api=14 insize=68835 outsize=7284 ok=1
Cmd: translateComputeKernel
  api=14 insize=8733 outsize=16335 ok=1
Cmd: compileComputeKernel
  api=14 insize=1957 outsize=1151 ok=1
Cmd: compileComputeKernel
  api=14 insize=29386 outsize=2056 ok=1
Cmd: compileComputeKernel
  api=14 insize=29386 outsize=1166 ok=1
Cmd: compileComputeKernel
  api=14 insize=29386 outsize=2446 ok=1
Cmd: compileComputeKernel
  api=14 insize=29386 outsize=2408 ok=1
Cmd: compileComputeKernel
  api=14 insize=29386 outsize=2381 ok=1
Cmd: compileComputeKernel
  api=14 insize=29386 outsize=1345 ok=1
Cmd: compileComputeKernel
  api=14 insize=29386 outsize=2326 ok=1
Cmd: compileComputeKernel
  api=14 insize=29386 outsize=1205 ok=1
Cmd: compileComputeKernel
  api=14 insize=29386 outsize=1205 ok=1
Cmd: compileComputeKernel
  api=14 insize=29386 outsize=2050 ok=1
Cmd: compileComputeKernel
  api=14 insize=29386 outsize=2230 ok=1
Cmd: compileComputeKernel
  api=14 insize=29386 outsize=2153 ok=1
Cmd: compileComputeKernel
  api=14 insize=29386 outsize=2600 ok=1
Cmd: compileComputeKernel
  api=14 insize=29386 outsize=3332 ok=1
Cmd: compileComputeKernel
  api=14 insize=29386 outsize=2855 ok=1
Cmd: compileComputeKernel
  api=14 insize=29386 outsize=2740 ok=1
Cmd: compileComputeKernel
  api=14 insize=29386 outsize=2731 ok=1
Cmd: compileComputeKernel
  api=14 insize=29386 outsize=2773 ok=1
Cmd: compileComputeKernel
  api=14 insize=29386 outsize=2619 ok=1
Cmd: compileComputeKernel
  api=14 insize=29386 outsize=2632 ok=1
Cmd: compileComputeKernel
  api=14 insize=29386 outsize=2740 ok=1
Cmd: compileComputeKernel
  api=14 insize=29386 outsize=2758 ok=1
Cmd: translateComputeKernel
  api=14 insize=2308 outsize=1953 ok=1
Cmd: translateComputeKernel
  api=14 insize=1419 outsize=1449 ok=1
Cmd: translateComputeKernel
  api=14 insize=2342 outsize=1999 ok=1
Cmd: translateComputeKernel
  api=14 insize=2509 outsize=2248 ok=1
Cmd: translateComputeKernel
  api=14 insize=2330 outsize=1964 ok=1
Cmd: translateComputeKernel
  api=14 insize=1598 outsize=1648 ok=1
Cmd: translateComputeKernel
  api=14 insize=2456 outsize=2195 ok=1
Cmd: translateComputeKernel
  api=14 insize=1458 outsize=1512 ok=1
Cmd: translateComputeKernel
  api=14 insize=1458 outsize=1514 ok=1
Cmd: translateComputeKernel
  api=14 insize=2406 outsize=2117 ok=1
Cmd: translateComputeKernel
  api=14 insize=2347 outsize=2024 ok=1
Cmd: translateComputeKernel
  api=14 insize=2761 outsize=3083 ok=1
Cmd: translateComputeKernel
  api=14 insize=3426 outsize=4220 ok=1
Cmd: translateComputeKernel
  api=14 insize=3052 outsize=3308 ok=1
Cmd: translateComputeKernel
  api=14 insize=2878 outsize=3224 ok=1
Cmd: translateComputeKernel
  api=14 insize=2892 outsize=3210 ok=1
Cmd: translateComputeKernel
  api=14 insize=2861 outsize=3039 ok=1
Cmd: translateComputeKernel
  api=14 insize=2820 outsize=3140 ok=1
Cmd: translateComputeKernel
  api=14 insize=2780 outsize=3115 ok=1
Cmd: translateComputeKernel
  api=14 insize=2871 outsize=3044 ok=1
Cmd: translateComputeKernel
  api=14 insize=3150 outsize=3557 ok=1
Cmd: compileComputeKernel
  api=14 insize=31899 outsize=12312 ok=1
Cmd: translateComputeKernel
  api=14 insize=12345 outsize=23671 ok=1
Cmd: compileComputeKernel
  api=14 insize=4119 outsize=2612 ok=1
Cmd: translateComputeKernel
  api=14 insize=2905 outsize=3734 ok=1
Cmd: compileSnippet
  api=14 type=0 insize=2104 outsize=2388 kw=DIRECTIONAL UNITY_HDR_ON pd=UNITY_ENABLE_REFLECTION_BUFFERS UNITY_USE_DITHER_MASK_FOR_ALPHABLENDED_SHADOWS UNITY_PBS_USE_BRDF1 UNITY_SPECCUBE_BOX_PROJECTION UNITY_SPECCUBE_BLENDING UNITY_ENABLE_DETAIL_NORMALMAP SHADER_API_DESKTOP UNITY_COLORSPACE_GAMMA UNITY_LIGHT_PROBE_PROXY_VOLUME UNITY_LIGHTMAP_FULL_HDR ok=1
Cmd: compileSnippet
  api=14 type=0 insize=1554 outsize=3793 kw=UNITY_PASS_DEFERRED LIGHTPROBE_SH UNITY_HDR_ON pd=UNITY_ENABLE_REFLECTION_BUFFERS UNITY_USE_DITHER_MASK_FOR_ALPHABLENDED_SHADOWS UNITY_PBS_USE_BRDF1 UNITY_SPECCUBE_BOX_PROJECTION UNITY_SPECCUBE_BLENDING UNITY_ENABLE_DETAIL_NORMALMAP SHADER_API_DESKTOP UNITY_COLORSPACE_GAMMA UNITY_LIGHT_PROBE_PROXY_VOLUME UNITY_LIGHTMAP_FULL_HDR ok=1
Cmd: compileSnippet
  api=14 type=1 insize=1554 outsize=6255 kw=UNITY_PASS_DEFERRED LIGHTPROBE_SH UNITY_HDR_ON INSTANCING_ON pd=UNITY_ENABLE_REFLECTION_BUFFERS UNITY_USE_DITHER_MASK_FOR_ALPHABLENDED_SHADOWS UNITY_PBS_USE_BRDF1 UNITY_SPECCUBE_BOX_PROJECTION UNITY_SPECCUBE_BLENDING UNITY_ENABLE_DETAIL_NORMALMAP SHADER_API_DESKTOP UNITY_COLORSPACE_GAMMA UNITY_LIGHT_PROBE_PROXY_VOLUME UNITY_LIGHTMAP_FULL_HDR ok=1
Cmd: compileSnippet
  api=14 type=1 insize=11846 outsize=11918 kw=SHADOWS_SPLIT_SPHERES pd=UNITY_ENABLE_REFLECTION_BUFFERS UNITY_USE_DITHER_MASK_FOR_ALPHABLENDED_SHADOWS UNITY_PBS_USE_BRDF1 UNITY_SPECCUBE_BOX_PROJECTION UNITY_SPECCUBE_BLENDING UNITY_ENABLE_DETAIL_NORMALMAP SHADER_API_DESKTOP UNITY_COLORSPACE_GAMMA UNITY_LIGHT_PROBE_PROXY_VOLUME UNITY_LIGHTMAP_FULL_HDR ok=1
Cmd: compileSnippet
  api=14 type=1 insize=4008 outsize=14022 kw=FXAA_LOW pd=UNITY_ENABLE_REFLECTION_BUFFERS UNITY_USE_DITHER_MASK_FOR_ALPHABLENDED_SHADOWS UNITY_PBS_USE_BRDF1 UNITY_SPECCUBE_BOX_PROJECTION UNITY_SPECCUBE_BLENDING UNITY_ENABLE_DETAIL_NORMALMAP SHADER_API_DESKTOP UNITY_COLORSPACE_GAMMA UNITY_LIGHT_PROBE_PROXY_VOLUME UNITY_LIGHTMAP_FULL_HDR ok=1
Cmd: compileSnippet
  api=14 type=0 insize=1402 outsize=2401 kw=UNITY_PASS_FORWARDBASE _EMISSION SOFTPARTICLES_ON _ALPHABLEND_ON pd=UNITY_ENABLE_REFLECTION_BUFFERS UNITY_USE_DITHER_MASK_FOR_ALPHABLENDED_SHADOWS UNITY_PBS_USE_BRDF1 UNITY_SPECCUBE_BOX_PROJECTION UNITY_SPECCUBE_BLENDING UNITY_ENABLE_DETAIL_NORMALMAP SHADER_API_DESKTOP UNITY_COLORSPACE_GAMMA UNITY_LIGHT_PROBE_PROXY_VOLUME UNITY_LIGHTMAP_FULL_HDR ok=1
Cmd: compileSnippet
  api=14 type=0 insize=1402 outsize=2401 kw=UNITY_PASS_FORWARDBASE SOFTPARTICLES_ON _ALPHABLEND_ON pd=UNITY_ENABLE_REFLECTION_BUFFERS UNITY_USE_DITHER_MASK_FOR_ALPHABLENDED_SHADOWS UNITY_PBS_USE_BRDF1 UNITY_SPECCUBE_BOX_PROJECTION UNITY_SPECCUBE_BLENDING UNITY_ENABLE_DETAIL_NORMALMAP SHADER_API_DESKTOP UNITY_COLORSPACE_GAMMA UNITY_LIGHT_PROBE_PROXY_VOLUME UNITY_LIGHTMAP_FULL_HDR ok=1
Cmd: compileSnippet
  api=14 type=1 insize=934 outsize=730 kw= pd=UNITY_ENABLE_REFLECTION_BUFFERS UNITY_USE_DITHER_MASK_FOR_ALPHABLENDED_SHADOWS UNITY_PBS_USE_BRDF1 UNITY_SPECCUBE_BOX_PROJECTION UNITY_SPECCUBE_BLENDING UNITY_ENABLE_DETAIL_NORMALMAP SHADER_API_DESKTOP UNITY_COLORSPACE_GAMMA UNITY_LIGHT_PROBE_PROXY_VOLUME UNITY_LIGHTMAP_FULL_HDR ok=1
Cmd: compileSnippet
  api=14 type=0 insize=1602 outsize=5810 kw=UNITY_PASS_FORWARDBASE DIRECTIONAL SHADOWS_SCREEN LIGHTPROBE_SH INSTANCING_ON pd=UNITY_ENABLE_REFLECTION_BUFFERS UNITY_USE_DITHER_MASK_FOR_ALPHABLENDED_SHADOWS UNITY_PBS_USE_BRDF1 UNITY_SPECCUBE_BOX_PROJECTION UNITY_SPECCUBE_BLENDING UNITY_ENABLE_DETAIL_NORMALMAP SHADER_API_DESKTOP UNITY_COLORSPACE_GAMMA UNITY_LIGHT_PROBE_PROXY_VOLUME UNITY_LIGHTMAP_FULL_HDR ok=1
Cmd: compileSnippet
  api=14 type=0 insize=1602 outsize=4151 kw=UNITY_PASS_FORWARDBASE DIRECTIONAL SHADOWS_SCREEN LIGHTPROBE_SH _EMISSION pd=UNITY_ENABLE_REFLECTION_BUFFERS UNITY_USE_DITHER_MASK_FOR_ALPHABLENDED_SHADOWS UNITY_PBS_USE_BRDF1 UNITY_SPECCUBE_BOX_PROJECTION UNITY_SPECCUBE_BLENDING UNITY_ENABLE_DETAIL_NORMALMAP SHADER_API_DESKTOP UNITY_COLORSPACE_GAMMA UNITY_LIGHT_PROBE_PROXY_VOLUME UNITY_LIGHTMAP_FULL_HDR ok=1
Cmd: compileSnippet
  api=14 type=1 insize=1602 outsize=16007 kw=UNITY_PASS_FORWARDBASE DIRECTIONAL SHADOWS_SCREEN LIGHTPROBE_SH _EMISSION pd=UNITY_ENABLE_REFLECTION_BUFFERS UNITY_USE_DITHER_MASK_FOR_ALPHABLENDED_SHADOWS UNITY_PBS_USE_BRDF1 UNITY_SPECCUBE_BOX_PROJECTION UNITY_SPECCUBE_BLENDING UNITY_ENABLE_DETAIL_NORMALMAP SHADER_API_DESKTOP UNITY_COLORSPACE_GAMMA UNITY_LIGHT_PROBE_PROXY_VOLUME UNITY_LIGHTMAP_FULL_HDR ok=1

Quitting shader compiler process
